F:\VSWORK\999\991\DEBUG\901.OBJ
F:\VSWORK\999\991\DEBUG\991.EXE.EMBED.MANIFEST
F:\VSWORK\999\991\DEBUG\991.EXE.EMBED.MANIFEST.RES
F:\VSWORK\999\991\DEBUG\991.EXE.INTERMEDIATE.MANIFEST
F:\VSWORK\999\991\DEBUG\991.OBJ
F:\vswork\999\991\Debug\991_manifest.rc
F:\vswork\999\991\Debug\cl.command.1.tlog
F:\vswork\999\991\Debug\CL.read.1.tlog
F:\vswork\999\991\Debug\CL.write.1.tlog
F:\vswork\999\991\Debug\link.148.read.1.tlog
F:\vswork\999\991\Debug\link.148.write.1.tlog
F:\vswork\999\991\Debug\link.148-cvtres.read.1.tlog
F:\vswork\999\991\Debug\link.148-cvtres.write.1.tlog
F:\vswork\999\991\Debug\link.2680.read.1.tlog
F:\vswork\999\991\Debug\link.2680.write.1.tlog
F:\vswork\999\991\Debug\link.2680-cvtres.read.1.tlog
F:\vswork\999\991\Debug\link.2680-cvtres.write.1.tlog
F:\vswork\999\991\Debug\link.2912.read.1.tlog
F:\vswork\999\991\Debug\link.2912.write.1.tlog
F:\vswork\999\991\Debug\link.2912-cvtres.read.1.tlog
F:\vswork\999\991\Debug\link.2912-cvtres.write.1.tlog
F:\vswork\999\991\Debug\link.3420.read.1.tlog
F:\vswork\999\991\Debug\link.3420.write.1.tlog
F:\vswork\999\991\Debug\link.3420-cvtres.read.1.tlog
F:\vswork\999\991\Debug\link.3420-cvtres.write.1.tlog
F:\vswork\999\991\Debug\link.command.1.tlog
F:\vswork\999\991\Debug\link.read.1.tlog
F:\vswork\999\991\Debug\link.write.1.tlog
F:\vswork\999\991\Debug\link-cvtres.read.1.tlog
F:\vswork\999\991\Debug\link-cvtres.write.1.tlog
F:\vswork\999\991\Debug\mt.command.1.tlog
F:\vswork\999\991\Debug\mt.read.1.tlog
F:\vswork\999\991\Debug\mt.write.1.tlog
F:\vswork\999\991\Debug\rc.command.1.tlog
F:\vswork\999\991\Debug\rc.read.1.tlog
F:\vswork\999\991\Debug\rc.write.1.tlog
F:\vswork\999\991\Debug\vc100.idb
F:\VSWORK\999\991\DEBUG\VC100.PDB
F:\VSWORK\999\DEBUG\991.EXE
F:\VSWORK\999\DEBUG\991.ILK
F:\VSWORK\999\DEBUG\991.PDB
